0 info it worked if it ends with ok
1 verbose cli [ 'C:\\Program Files\\nodejs\\node.exe',
1 verbose cli   'C:\\Program Files\\nodejs\\node_modules\\npm\\bin\\npm-cli.js',
1 verbose cli   'start' ]
2 info using npm@4.0.2
3 info using node@v6.9.1
4 verbose run-script [ 'prestart', 'start', 'poststart' ]
5 info lifecycle umpggk2019-server@1.0.0~prestart: umpggk2019-server@1.0.0
6 silly lifecycle umpggk2019-server@1.0.0~prestart: no script for prestart, continuing
7 info lifecycle umpggk2019-server@1.0.0~start: umpggk2019-server@1.0.0
8 verbose lifecycle umpggk2019-server@1.0.0~start: unsafe-perm in lifecycle true
9 verbose lifecycle umpggk2019-server@1.0.0~start: PATH: C:\Program Files\nodejs\node_modules\npm\bin\node-gyp-bin;D:\Workspaces\php-workspace\umpggk2019-server\node_modules\.bin;C:\Program Files\ConEmu\ConEmu\Scripts;C:\Program Files\ConEmu;C:\Program Files\ConEmu\ConEmu;D:\Tools\php7.3;D:\Python37\Scripts\;D:\Python37\;C:\Program Files (x86)\Common Files\Oracle\Java\javapath;C:\Program Files (x86)\Intel\iCLS Client\;C:\Program Files\Intel\iCLS Client\;C:\Windows\system32;C:\Windows;C:\Windows\System32\Wbem;C:\Windows\System32\WindowsPowerShell\v1.0\;C:\Program Files\Intel\Intel(R) Management Engine Components\DAL;C:\Program Files\Intel\Intel(R) Management Engine Components\IPT;C:\Program Files (x86)\Intel\Intel(R) Management Engine Components\DAL;C:\Program Files (x86)\Intel\Intel(R) Management Engine Components\IPT;C:\WINDOWS\system32;C:\WINDOWS;C:\WINDOWS\System32\Wbem;C:\WINDOWS\System32\WindowsPowerShell\v1.0\;C:\Program Files (x86)\GtkSharp\2.12\bin;C:\ProgramData\ComposerSetup\bin;C:\Program Files\TortoiseSVN\bin;C:\Program Files\nodejs\;C:\Program Files (x86)\OpenVPN\bin;C:\Program Files (x86)\NVIDIA Corporation\PhysX\Common;C:\Windows\system32;C:\Windows;C:\Windows\System32\Wbem;C:\Windows\System32\WindowsPowerShell\v1.0\;C:\Windows\System32\OpenSSH\;C:\Users\Arkadiusz Nowakowski\AppData\Local\Programs\Git\cmd;C:\Program Files\PuTTY\;C:\Program Files\dotnet\;C:\Program Files\Microsoft VS Code\bin;C:\Program Files\NVIDIA Corporation\NVIDIA NvDLISR;C:\Program Files\MiKTeX 2.9\miktex\bin\x64\;D:\Tools\mingw-w64\x86_64-8.1.0-posix-seh-rt_v6-rev0\mingw64\bin;D:\Tools\Ruby25-x64\bin;D:\Tools\fasm;D:\Tools\apache-maven-3.3.9\bin;D:\Tools\macros;D:\Tools\cygwin\bin;C:\Users\Arkadiusz Nowakowski\.cargo\bin;D:\Tools\apache-ant-1.9.4\bin;C:\Users\Arkadiusz Nowakowski\AppData\Local\Programs\Git\cmd;C:\Users\Arkadiusz Nowakowski\AppData\Roaming\Composer\vendor\bin;C:\Users\Arkadiusz Nowakowski\AppData\Local\Microsoft\WindowsApps;C:\Users\Arkadiusz Nowakowski\AppData\Roaming\npm;C:\Users\Arkadiusz Nowakowski\AppData\Local\.meteor\;C:\Users\Arkadiusz Nowakowski\AppData\Local\Microsoft\WindowsApps;C:\Program Files\Microsoft VS Code\bin;C:\Program Files\Docker Toolbox
10 verbose lifecycle umpggk2019-server@1.0.0~start: CWD: D:\Workspaces\php-workspace\umpggk2019-server
11 silly lifecycle umpggk2019-server@1.0.0~start: Args: [ '/d /s /c', 'node src/server/index.js' ]
12 silly lifecycle umpggk2019-server@1.0.0~start: Returned: code: 1  signal: null
13 info lifecycle umpggk2019-server@1.0.0~start: Failed to exec start script
14 verbose stack Error: umpggk2019-server@1.0.0 start: `node src/server/index.js`
14 verbose stack Exit status 1
14 verbose stack     at EventEmitter.<anonymous> (C:\Program Files\nodejs\node_modules\npm\lib\utils\lifecycle.js:279:16)
14 verbose stack     at emitTwo (events.js:106:13)
14 verbose stack     at EventEmitter.emit (events.js:191:7)
14 verbose stack     at ChildProcess.<anonymous> (C:\Program Files\nodejs\node_modules\npm\lib\utils\spawn.js:40:14)
14 verbose stack     at emitTwo (events.js:106:13)
14 verbose stack     at ChildProcess.emit (events.js:191:7)
14 verbose stack     at maybeClose (internal/child_process.js:877:16)
14 verbose stack     at Process.ChildProcess._handle.onexit (internal/child_process.js:226:5)
15 verbose pkgid umpggk2019-server@1.0.0
16 verbose cwd D:\Workspaces\php-workspace\umpggk2019-server
17 error Windows_NT 10.0.17134
18 error argv "C:\\Program Files\\nodejs\\node.exe" "C:\\Program Files\\nodejs\\node_modules\\npm\\bin\\npm-cli.js" "start"
19 error node v6.9.1
20 error npm  v4.0.2
21 error code ELIFECYCLE
22 error umpggk2019-server@1.0.0 start: `node src/server/index.js`
22 error Exit status 1
23 error Failed at the umpggk2019-server@1.0.0 start script 'node src/server/index.js'.
23 error Make sure you have the latest version of node.js and npm installed.
23 error If you do, this is most likely a problem with the umpggk2019-server package,
23 error not with npm itself.
23 error Tell the author that this fails on your system:
23 error     node src/server/index.js
23 error You can get information on how to open an issue for this project with:
23 error     npm bugs umpggk2019-server
23 error Or if that isn't available, you can get their info via:
23 error     npm owner ls umpggk2019-server
23 error There is likely additional logging output above.
24 verbose exit [ 1, true ]
